[14/Jun/2021 12:42:38] INFO [django.utils.autoreload:636] Watching for file changes with StatReloader
[14/Jun/2021 12:42:57] INFO [django.utils.autoreload:636] Watching for file changes with StatReloader
[14/Jun/2021 12:46:40] INFO [django.utils.autoreload:636] Watching for file changes with StatReloader
[14/Jun/2021 12:46:51] WARNING [django.request:224] Forbidden: /omok/rooms/5/
[14/Jun/2021 12:46:51] WARNING [django.server:161] "GET /omok/rooms/5/ HTTP/1.1" 403 5285
[14/Jun/2021 12:47:05] INFO [django.server:161] "GET /omok/rooms HTTP/1.1" 301 0
[14/Jun/2021 12:47:05] WARNING [django.request:224] Forbidden: /omok/rooms/
[14/Jun/2021 12:47:05] WARNING [django.server:161] "GET /omok/rooms/ HTTP/1.1" 403 5130
[15/Jun/2021 07:52:19] INFO [django.utils.autoreload:636] Watching for file changes with StatReloader
[15/Jun/2021 07:52:22] WARNING [django.request:224] Not Found: /
[15/Jun/2021 07:52:22] WARNING [django.server:161] "GET / HTTP/1.1" 404 2486
[15/Jun/2021 07:52:22] WARNING [django.request:224] Not Found: /favicon.ico
[15/Jun/2021 07:52:22] WARNING [django.server:161] "GET /favicon.ico HTTP/1.1" 404 2537
[15/Jun/2021 07:54:02] INFO [django.utils.autoreload:636] Watching for file changes with StatReloader
[15/Jun/2021 07:54:02] INFO [django.utils.autoreload:636] Watching for file changes with StatReloader
[15/Jun/2021 07:54:06] WARNING [django.request:224] Not Found: /
[15/Jun/2021 07:54:06] WARNING [django.request:224] Not Found: /
[15/Jun/2021 07:54:06] WARNING [django.server:161] "GET / HTTP/1.1" 404 2486
[15/Jun/2021 07:54:06] WARNING [django.server:161] "GET / HTTP/1.1" 404 2486
[15/Jun/2021 07:54:10] INFO [django.server:161] "GET /omok/ HTTP/1.1" 200 5487
[15/Jun/2021 07:54:10] INFO [django.server:161] "GET /omok/ HTTP/1.1" 200 5487
[15/Jun/2021 07:54:10] INFO [django.server:161] "GET /static/rest_framework/css/bootstrap-tweaks.css HTTP/1.1" 304 0
[15/Jun/2021 07:54:10] INFO [django.server:161] "GET /static/rest_framework/css/bootstrap-tweaks.css HTTP/1.1" 304 0
[15/Jun/2021 07:54:10] INFO [django.server:161] "GET /static/rest_framework/css/bootstrap.min.css HTTP/1.1" 304 0
[15/Jun/2021 07:54:10] INFO [django.server:161] "GET /static/rest_framework/css/bootstrap.min.css HTTP/1.1" 304 0
[15/Jun/2021 07:54:10] INFO [django.server:161] "GET /static/rest_framework/js/bootstrap.min.js HTTP/1.1" 304 0
[15/Jun/2021 07:54:10] INFO [django.server:161] "GET /static/rest_framework/js/bootstrap.min.js HTTP/1.1" 304 0
[15/Jun/2021 07:54:10] INFO [django.server:161] "GET /static/rest_framework/js/csrf.js HTTP/1.1" 304 0
[15/Jun/2021 07:54:10] INFO [django.server:161] "GET /static/rest_framework/js/csrf.js HTTP/1.1" 304 0
[15/Jun/2021 07:54:10] INFO [django.server:161] "GET /static/rest_framework/js/prettify-min.js HTTP/1.1" 304 0
[15/Jun/2021 07:54:10] INFO [django.server:161] "GET /static/rest_framework/js/prettify-min.js HTTP/1.1" 304 0
[15/Jun/2021 07:54:10] INFO [django.server:161] "GET /static/rest_framework/js/default.js HTTP/1.1" 304 0
[15/Jun/2021 07:54:10] INFO [django.server:161] "GET /static/rest_framework/js/default.js HTTP/1.1" 304 0
[15/Jun/2021 07:54:11] INFO [django.server:161] "GET /static/rest_framework/css/default.css HTTP/1.1" 304 0
[15/Jun/2021 07:54:11] INFO [django.server:161] "GET /static/rest_framework/css/default.css HTTP/1.1" 304 0
[15/Jun/2021 07:54:11] INFO [django.server:161] "GET /static/rest_framework/js/jquery-3.5.1.min.js HTTP/1.1" 304 0
[15/Jun/2021 07:54:11] INFO [django.server:161] "GET /static/rest_framework/js/jquery-3.5.1.min.js HTTP/1.1" 304 0
[15/Jun/2021 07:54:11] INFO [django.server:161] "GET /static/rest_framework/css/prettify.css HTTP/1.1" 304 0
[15/Jun/2021 07:54:11] INFO [django.server:161] "GET /static/rest_framework/css/prettify.css HTTP/1.1" 304 0
[15/Jun/2021 07:54:11] INFO [django.server:161] "GET /static/rest_framework/img/grid.png HTTP/1.1" 304 0
[15/Jun/2021 07:54:11] INFO [django.server:161] "GET /static/rest_framework/img/grid.png HTTP/1.1" 304 0
[15/Jun/2021 07:54:11] INFO [django.server:161] "GET /static/rest_framework/js/ajax-form.js HTTP/1.1" 304 0
[15/Jun/2021 07:54:11] INFO [django.server:161] "GET /static/rest_framework/js/ajax-form.js HTTP/1.1" 304 0
[15/Jun/2021 07:54:53] INFO [django.utils.autoreload:636] Watching for file changes with StatReloader
[15/Jun/2021 07:55:12] INFO [django.utils.autoreload:250] /workspace/mysite/settings.py changed, reloading.
[15/Jun/2021 07:55:13] INFO [django.utils.autoreload:636] Watching for file changes with StatReloader
[15/Jun/2021 07:58:12] WARNING [django.request:224] Not Found: /
[15/Jun/2021 07:58:12] WARNING [django.server:161] "GET / HTTP/1.1" 404 2486
[15/Jun/2021 07:58:18] INFO [django.server:161] "GET /omok/ HTTP/1.1" 200 5487
