Test Log.[17/Jun/2021 12:48:07] INFO [django.utils.autoreload:636] Watching for file changes with StatReloader
[17/Jun/2021 12:48:15] INFO [django.server:161] "GET /admin/omok/user/ HTTP/1.1" 200 19861
[17/Jun/2021 12:48:15] INFO [django.server:161] "GET /static/admin/css/base.css HTTP/1.1" 304 0
[17/Jun/2021 12:48:15] INFO [django.server:161] "GET /static/admin/css/nav_sidebar.css HTTP/1.1" 304 0
[17/Jun/2021 12:48:15] INFO [django.server:161] "GET /static/admin/css/changelists.css HTTP/1.1" 304 0
[17/Jun/2021 12:48:15] INFO [django.server:161] "GET /static/admin/css/responsive.css HTTP/1.1" 304 0
[17/Jun/2021 12:48:15] INFO [django.server:161] "GET /static/admin/css/fonts.css HTTP/1.1" 304 0
[17/Jun/2021 12:48:15] INFO [django.server:161] "GET /static/admin/js/admin/RelatedObjectLookups.js HTTP/1.1" 304 0
[17/Jun/2021 12:48:15] INFO [django.server:161] "GET /static/admin/js/jquery.init.js HTTP/1.1" 304 0
[17/Jun/2021 12:48:15] INFO [django.server:161] "GET /static/admin/js/vendor/jquery/jquery.js HTTP/1.1" 304 0
[17/Jun/2021 12:48:15] INFO [django.server:161] "GET /static/admin/js/actions.js HTTP/1.1" 304 0
[17/Jun/2021 12:48:15] INFO [django.server:161] "GET /static/admin/js/core.js HTTP/1.1" 304 0
[17/Jun/2021 12:48:15] INFO [django.server:161] "GET /static/admin/js/urlify.js HTTP/1.1" 304 0
[17/Jun/2021 12:48:15] INFO [django.server:161] "GET /static/admin/js/vendor/xregexp/xregexp.js HTTP/1.1" 304 0
[17/Jun/2021 12:48:15] INFO [django.server:161] "GET /static/admin/js/prepopulate.js HTTP/1.1" 304 0
[17/Jun/2021 12:48:15] INFO [django.server:161] "GET /static/admin/js/nav_sidebar.js HTTP/1.1" 304 0
[17/Jun/2021 12:48:15] INFO [django.server:161] "GET /admin/jsi18n/ HTTP/1.1" 200 3195
[17/Jun/2021 12:48:15] INFO [django.server:161] "GET /static/admin/fonts/Roboto-Regular-webfont.woff HTTP/1.1" 304 0
[17/Jun/2021 12:48:15] INFO [django.server:161] "GET /static/admin/img/icon-addlink.svg HTTP/1.1" 304 0
[17/Jun/2021 12:48:15] INFO [django.server:161] "GET /static/admin/img/tooltag-add.svg HTTP/1.1" 304 0
[17/Jun/2021 12:48:15] INFO [django.server:161] "GET /static/admin/fonts/Roboto-Bold-webfont.woff HTTP/1.1" 304 0
[17/Jun/2021 12:48:15] INFO [django.server:161] "GET /static/admin/fonts/Roboto-Light-webfont.woff HTTP/1.1" 304 0
[17/Jun/2021 12:48:16] INFO [django.server:161] "GET /admin/omok/room/ HTTP/1.1" 200 12808
[17/Jun/2021 12:48:16] INFO [django.server:161] "GET /admin/jsi18n/ HTTP/1.1" 200 3195
[17/Jun/2021 12:48:18] INFO [django.server:161] "GET /admin/todolist/todo/ HTTP/1.1" 200 9717
[17/Jun/2021 12:48:18] INFO [django.server:161] "GET /admin/jsi18n/ HTTP/1.1" 200 3195
[17/Jun/2021 12:48:21] INFO [django.server:161] "GET /admin/omok/user/ HTTP/1.1" 200 19861
[17/Jun/2021 12:48:21] INFO [django.server:161] "GET /admin/jsi18n/ HTTP/1.1" 200 3195
[17/Jun/2021 12:48:22] INFO [django.server:161] "GET /admin/auth/user/ HTTP/1.1" 200 9140
[17/Jun/2021 12:48:22] INFO [django.server:161] "GET /static/admin/img/search.svg HTTP/1.1" 304 0
[17/Jun/2021 12:48:22] INFO [django.server:161] "GET /static/admin/img/icon-yes.svg HTTP/1.1" 304 0
[17/Jun/2021 12:48:22] INFO [django.server:161] "GET /admin/jsi18n/ HTTP/1.1" 200 3195
[17/Jun/2021 12:48:22] INFO [django.server:161] "GET /static/admin/img/sorting-icons.svg HTTP/1.1" 304 0
[17/Jun/2021 12:48:31] INFO [django.server:161] "GET /admin/omok/user/ HTTP/1.1" 200 19861
[17/Jun/2021 12:48:31] INFO [django.server:161] "GET /admin/jsi18n/ HTTP/1.1" 200 3195
[17/Jun/2021 12:53:23] INFO [django.utils.autoreload:250] /workspace/omok/models.py changed, reloading.
[17/Jun/2021 12:53:25] INFO [django.utils.autoreload:636] Watching for file changes with StatReloader
[17/Jun/2021 12:53:41] INFO [django.utils.autoreload:250] /workspace/todolist/models.py changed, reloading.
[17/Jun/2021 12:53:43] INFO [django.utils.autoreload:636] Watching for file changes with StatReloader
[17/Jun/2021 12:53:45] INFO [django.utils.autoreload:250] /workspace/todolist/models.py changed, reloading.
[17/Jun/2021 12:53:48] INFO [django.utils.autoreload:636] Watching for file changes with StatReloader
[17/Jun/2021 12:53:57] INFO [django.utils.autoreload:250] /workspace/omok/models.py changed, reloading.
[17/Jun/2021 12:53:59] INFO [django.utils.autoreload:636] Watching for file changes with StatReloader
[17/Jun/2021 12:54:11] INFO [django.utils.autoreload:250] /workspace/omok/models.py changed, reloading.
[17/Jun/2021 12:54:13] INFO [django.utils.autoreload:636] Watching for file changes with StatReloader
[17/Jun/2021 12:54:18] INFO [django.utils.autoreload:250] /workspace/omok/models.py changed, reloading.
[17/Jun/2021 12:54:20] INFO [django.utils.autoreload:636] Watching for file changes with StatReloader
[17/Jun/2021 12:57:12] INFO [django.utils.autoreload:250] /workspace/omok/session.py changed, reloading.
[17/Jun/2021 12:57:15] INFO [django.utils.autoreload:636] Watching for file changes with StatReloader
[17/Jun/2021 12:57:47] INFO [django.utils.autoreload:250] /workspace/omok/session.py changed, reloading.
[17/Jun/2021 12:57:49] INFO [django.utils.autoreload:636] Watching for file changes with StatReloader
[17/Jun/2021 12:58:08] INFO [django.utils.autoreload:250] /workspace/omok/schema.py changed, reloading.
[17/Jun/2021 12:58:11] INFO [django.utils.autoreload:636] Watching for file changes with StatReloader
[17/Jun/2021 12:58:30] INFO [django.utils.autoreload:250] /workspace/omok/schema.py changed, reloading.
[17/Jun/2021 12:58:32] INFO [django.utils.autoreload:636] Watching for file changes with StatReloader
[17/Jun/2021 12:58:53] WARNING [django.request:224] Not Found: /
[17/Jun/2021 12:58:53] WARNING [django.server:161] "GET / HTTP/1.1" 404 2381
[17/Jun/2021 12:58:56] INFO [django.server:161] "GET /graphql/ HTTP/1.1" 200 2081
[17/Jun/2021 12:58:56] INFO [django.server:161] "GET /static/graphene_django/graphiql.js HTTP/1.1" 200 5992
[17/Jun/2021 12:58:57] INFO [django.server:161] "POST /graphql/ HTTP/1.1" 200 30794
[17/Jun/2021 12:59:29] INFO [django.utils.autoreload:250] /workspace/mysite/schema.py changed, reloading.
[17/Jun/2021 12:59:31] INFO [django.utils.autoreload:636] Watching for file changes with StatReloader
[17/Jun/2021 12:59:37] INFO [django.utils.autoreload:250] /workspace/mysite/schema.py changed, reloading.
[17/Jun/2021 12:59:39] INFO [django.utils.autoreload:636] Watching for file changes with StatReloader
[17/Jun/2021 12:59:41] INFO [django.server:161] "GET /graphql/ HTTP/1.1" 200 2081
[17/Jun/2021 12:59:41] INFO [django.server:161] "POST /graphql/ HTTP/1.1" 200 31481
[17/Jun/2021 13:00:28] INFO [django.utils.autoreload:250] /workspace/omok/schema.py changed, reloading.
[17/Jun/2021 13:00:30] INFO [django.utils.autoreload:636] Watching for file changes with StatReloader
[17/Jun/2021 13:00:42] INFO [django.server:161] "POST /graphql/ HTTP/1.1" 200 82
[17/Jun/2021 13:00:52] INFO [django.server:161] "POST /graphql/ HTTP/1.1" 200 82
[17/Jun/2021 13:02:10] INFO [django.utils.autoreload:250] /workspace/mysite/urls.py changed, reloading.
[17/Jun/2021 13:02:13] INFO [django.utils.autoreload:636] Watching for file changes with StatReloader
[17/Jun/2021 13:02:30] WARNING [django.request:224] Not Found: /api-auth
[17/Jun/2021 13:02:30] WARNING [django.server:161] "GET /api-auth HTTP/1.1" 404 2318
[17/Jun/2021 13:02:35] WARNING [django.request:224] Not Found: /api-auth/
[17/Jun/2021 13:02:35] WARNING [django.server:161] "GET /api-auth/ HTTP/1.1" 404 2566
[17/Jun/2021 13:02:40] INFO [django.server:161] "GET /api-auth/login HTTP/1.1" 301 0
[17/Jun/2021 13:02:40] INFO [django.server:161] "GET /api-auth/login/ HTTP/1.1" 200 2700
[17/Jun/2021 13:02:40] INFO [django.server:161] "GET /static/rest_framework/css/prettify.css HTTP/1.1" 200 817
[17/Jun/2021 13:02:40] INFO [django.server:161] "GET /static/rest_framework/css/bootstrap-tweaks.css HTTP/1.1" 200 3385
[17/Jun/2021 13:02:40] INFO [django.server:161] "GET /static/rest_framework/css/default.css HTTP/1.1" 200 1152
[17/Jun/2021 13:02:40] INFO [django.server:161] "GET /static/rest_framework/css/bootstrap.min.css HTTP/1.1" 200 121457
[17/Jun/2021 13:02:40] INFO [django.server:161] "GET /static/rest_framework/img/grid.png HTTP/1.1" 200 1458
[17/Jun/2021 13:02:46] INFO [django.server:161] "POST /api-auth/login/ HTTP/1.1" 200 2938
[17/Jun/2021 13:02:49] INFO [django.server:161] "GET /api-auth/login/ HTTP/1.1" 200 2700
[17/Jun/2021 13:03:47] INFO [django.utils.autoreload:250] /workspace/omok/session.py changed, reloading.
[17/Jun/2021 13:03:49] INFO [django.utils.autoreload:636] Watching for file changes with StatReloader
[17/Jun/2021 13:03:56] INFO [django.utils.autoreload:250] /workspace/omok/session.py changed, reloading.
[17/Jun/2021 13:03:59] INFO [django.utils.autoreload:636] Watching for file changes with StatReloader
[17/Jun/2021 13:05:46] INFO [django.utils.autoreload:250] /workspace/omok/schema.py changed, reloading.
[17/Jun/2021 13:05:48] INFO [django.utils.autoreload:636] Watching for file changes with StatReloader
[17/Jun/2021 13:05:58] INFO [django.utils.autoreload:250] /workspace/omok/schema.py changed, reloading.
[17/Jun/2021 13:06:01] INFO [django.utils.autoreload:636] Watching for file changes with StatReloader
[17/Jun/2021 13:06:04] INFO [django.utils.autoreload:250] /workspace/omok/schema.py changed, reloading.
[17/Jun/2021 13:06:06] INFO [django.utils.autoreload:636] Watching for file changes with StatReloader
[17/Jun/2021 13:08:22] INFO [django.utils.autoreload:250] /workspace/omok/schema.py changed, reloading.
[17/Jun/2021 13:08:25] INFO [django.utils.autoreload:636] Watching for file changes with StatReloader
[17/Jun/2021 13:09:36] INFO [django.utils.autoreload:250] /workspace/omok/schema.py changed, reloading.
[17/Jun/2021 13:09:38] INFO [django.utils.autoreload:636] Watching for file changes with StatReloader
[17/Jun/2021 13:09:45] INFO [django.utils.autoreload:250] /workspace/omok/schema.py changed, reloading.
[17/Jun/2021 13:09:47] INFO [django.utils.autoreload:636] Watching for file changes with StatReloader
[17/Jun/2021 13:09:59] INFO [django.utils.autoreload:250] /workspace/omok/schema.py changed, reloading.
[17/Jun/2021 13:10:01] INFO [django.utils.autoreload:636] Watching for file changes with StatReloader
[17/Jun/2021 13:10:03] INFO [django.utils.autoreload:250] /workspace/omok/schema.py changed, reloading.
[17/Jun/2021 13:10:05] INFO [django.utils.autoreload:636] Watching for file changes with StatReloader
